TN:
SF:/Users/chiamakanwosu/Desktop/document-management-system/server/controllers/documentController.js
FN:36,(anonymous_8)
FN:49,(anonymous_9)
FN:71,(anonymous_11)
FN:73,(anonymous_12)
FN:91,(anonymous_13)
FN:93,(anonymous_14)
FN:109,(anonymous_16)
FN:135,(anonymous_18)
FN:143,(anonymous_19)
FN:146,(anonymous_20)
FN:149,(anonymous_21)
FN:163,(anonymous_23)
FN:170,(anonymous_24)
FN:205,(anonymous_26)
FNF:14
FNH:9
FNDA:5,(anonymous_8)
FNDA:0,(anonymous_9)
FNDA:5,(anonymous_11)
FNDA:0,(anonymous_12)
FNDA:0,(anonymous_13)
FNDA:0,(anonymous_14)
FNDA:6,(anonymous_16)
FNDA:5,(anonymous_18)
FNDA:2,(anonymous_19)
FNDA:1,(anonymous_20)
FNDA:0,(anonymous_21)
FNDA:3,(anonymous_23)
FNDA:1,(anonymous_24)
FNDA:2,(anonymous_26)
DA:1,1
DA:4,1
DA:21,8
DA:22,8
DA:23,3
DA:25,5
DA:37,5
DA:38,1
DA:39,1
DA:41,0
DA:43,4
DA:44,4
DA:46,0
DA:50,0
DA:63,5
DA:64,5
DA:65,2
DA:70,5
DA:71,5
DA:72,5
DA:74,0
DA:77,0
DA:91,0
DA:92,0
DA:94,0
DA:109,6
DA:110,6
DA:111,5
DA:112,2
DA:113,3
DA:116,1
DA:118,2
DA:121,1
DA:135,5
DA:136,5
DA:137,2
DA:139,3
DA:140,3
DA:141,3
DA:142,3
DA:143,3
DA:144,2
DA:147,1
DA:150,0
DA:163,3
DA:164,3
DA:165,1
DA:167,2
DA:168,1
DA:170,1
DA:171,1
DA:172,0
DA:174,1
DA:188,2
DA:189,0
DA:191,2
DA:192,2
DA:193,2
DA:194,2
DA:205,2
DA:206,2
DA:207,0
DA:209,2
LF:63
LH:51
BRDA:22,0,0,3
BRDA:22,0,1,5
BRDA:22,1,0,8
BRDA:22,1,1,7
BRDA:22,1,2,5
BRDA:37,2,0,1
BRDA:37,2,1,4
BRDA:37,3,0,5
BRDA:37,3,1,1
BRDA:38,4,0,1
BRDA:38,4,1,0
BRDA:43,5,0,4
BRDA:43,5,1,0
BRDA:64,6,0,2
BRDA:64,6,1,3
BRDA:67,7,0,2
BRDA:67,7,1,0
BRDA:70,8,0,5
BRDA:70,8,1,0
BRDA:110,9,0,5
BRDA:110,9,1,1
BRDA:111,10,0,2
BRDA:111,10,1,3
BRDA:113,11,0,1
BRDA:113,11,1,2
BRDA:113,12,0,3
BRDA:113,12,1,3
BRDA:113,12,2,2
BRDA:113,12,3,2
BRDA:113,12,4,2
BRDA:113,12,5,0
BRDA:136,13,0,2
BRDA:136,13,1,3
BRDA:136,14,0,5
BRDA:136,14,1,3
BRDA:164,15,0,1
BRDA:164,15,1,2
BRDA:167,16,0,1
BRDA:167,16,1,1
BRDA:167,17,0,2
BRDA:167,17,1,1
BRDA:171,18,0,0
BRDA:171,18,1,1
BRDA:188,19,0,0
BRDA:188,19,1,2
BRDA:188,20,0,2
BRDA:188,20,1,0
BRDA:191,21,0,2
BRDA:191,21,1,0
BRDA:192,22,0,0
BRDA:192,22,1,2
BRDA:193,23,0,1
BRDA:193,23,1,1
BRDA:206,24,0,0
BRDA:206,24,1,2
BRF:55
BRH:44
end_of_record
TN:
SF:/Users/chiamakanwosu/Desktop/document-management-system/server/controllers/roleController.js
FN:23,(anonymous_8)
FN:40,(anonymous_10)
FN:64,(anonymous_12)
FN:82,(anonymous_14)
FN:86,(anonymous_15)
FNF:5
FNH:5
FNDA:3,(anonymous_8)
FNDA:1,(anonymous_10)
FNDA:4,(anonymous_12)
FNDA:1,(anonymous_14)
FNDA:1,(anonymous_15)
DA:1,1
DA:17,4
DA:18,1
DA:20,3
DA:24,3
DA:25,1
DA:27,2
DA:40,1
DA:41,1
DA:42,0
DA:44,1
DA:57,5
DA:58,1
DA:60,4
DA:63,4
DA:65,4
DA:66,1
DA:68,3
DA:81,1
DA:83,1
DA:87,1
LF:21
LH:20
BRDA:17,0,0,1
BRDA:17,0,1,3
BRDA:24,1,0,1
BRDA:24,1,1,2
BRDA:41,2,0,0
BRDA:41,2,1,1
BRDA:57,3,0,1
BRDA:57,3,1,4
BRDA:61,4,0,3
BRDA:61,4,1,1
BRDA:65,5,0,1
BRDA:65,5,1,3
BRF:12
BRH:11
end_of_record
TN:
SF:/Users/chiamakanwosu/Desktop/document-management-system/server/controllers/usersController.js
FN:20,(anonymous_8)
FN:72,(anonymous_11)
FN:100,(anonymous_13)
FN:102,(anonymous_14)
FN:115,(anonymous_16)
FN:134,(anonymous_18)
FN:146,(anonymous_19)
FN:150,(anonymous_20)
FN:174,(anonymous_22)
FN:176,(anonymous_23)
FN:192,(anonymous_25)
FN:194,(anonymous_26)
FN:211,(anonymous_28)
FN:213,(anonymous_29)
FNF:14
FNH:8
FNDA:6,(anonymous_8)
FNDA:3,(anonymous_11)
FNDA:1,(anonymous_13)
FNDA:0,(anonymous_14)
FNDA:3,(anonymous_16)
FNDA:2,(anonymous_18)
FNDA:1,(anonymous_19)
FNDA:0,(anonymous_20)
FNDA:0,(anonymous_22)
FNDA:0,(anonymous_23)
FNDA:0,(anonymous_25)
FNDA:0,(anonymous_26)
FNDA:2,(anonymous_28)
FNDA:1,(anonymous_29)
DA:1,1
DA:2,1
DA:3,1
DA:5,1
DA:20,6
DA:21,6
DA:22,5
DA:23,5
DA:24,5
DA:26,1
DA:39,1
DA:50,5
DA:52,1
DA:53,4
DA:56,1
DA:58,3
DA:59,3
DA:73,3
DA:74,1
DA:76,2
DA:77,2
DA:78,2
DA:90,1
DA:94,1
DA:95,0
DA:100,1
DA:101,1
DA:103,0
DA:115,3
DA:116,3
DA:117,3
DA:118,0
DA:119,0
DA:121,0
DA:134,2
DA:135,2
DA:136,2
DA:137,1
DA:138,1
DA:139,1
DA:140,1
DA:141,1
DA:142,1
DA:143,1
DA:146,1
DA:147,1
DA:148,1
DA:149,1
DA:151,0
DA:154,1
DA:167,0
DA:168,0
DA:175,0
DA:177,0
DA:180,0
DA:192,0
DA:193,0
DA:194,0
DA:195,0
DA:198,0
DA:211,2
DA:212,2
DA:213,1
DA:214,1
DA:215,0
DA:217,1
DA:221,1
LF:67
LH:50
BRDA:21,0,0,5
BRDA:21,0,1,1
BRDA:21,1,0,6
BRDA:21,1,1,5
BRDA:50,2,0,1
BRDA:50,2,1,4
BRDA:50,3,0,5
BRDA:50,3,1,5
BRDA:50,3,2,5
BRDA:50,3,3,5
BRDA:50,3,4,4
BRDA:53,4,0,1
BRDA:53,4,1,3
BRDA:53,5,0,4
BRDA:53,5,1,4
BRDA:53,5,2,3
BRDA:53,5,3,3
BRDA:53,5,4,3
BRDA:73,6,0,1
BRDA:73,6,1,2
BRDA:94,7,0,0
BRDA:94,7,1,1
BRDA:94,8,0,1
BRDA:94,8,1,0
BRDA:116,9,0,3
BRDA:116,9,1,0
BRDA:116,10,0,3
BRDA:116,10,1,3
BRDA:116,10,2,0
BRDA:118,11,0,0
BRDA:118,11,1,0
BRDA:118,12,0,0
BRDA:118,12,1,0
BRDA:118,12,2,0
BRDA:136,13,0,1
BRDA:136,13,1,1
BRDA:136,14,0,2
BRDA:136,14,1,1
BRDA:144,15,0,0
BRDA:144,15,1,1
BRDA:167,16,0,0
BRDA:167,16,1,0
BRDA:193,17,0,0
BRDA:193,17,1,0
BRDA:212,18,0,1
BRDA:212,18,1,1
BRDA:212,19,0,2
BRDA:212,19,1,1
BRDA:214,20,0,0
BRDA:214,20,1,1
BRF:50
BRH:35
end_of_record
