TN:
SF:/Users/chiamakanwosu/Desktop/document-management-system/server/controller/authorization.js
FNF:0
FNH:0
DA:1,1
DA:2,1
DA:4,1
DA:12,64
DA:13,0
DA:15,64
DA:19,55
DA:20,2
DA:22,53
DA:23,53
DA:24,53
DA:27,2
DA:29,51
DA:30,51
DA:31,51
DA:33,0
DA:38,11
DA:39,11
DA:40,11
DA:41,4
DA:43,7
DA:47,1
LF:22
LH:20
BRDA:12,0,0,0
BRDA:12,0,1,64
BRDA:19,1,0,2
BRDA:19,1,1,53
BRDA:29,2,0,51
BRDA:29,2,1,0
BRDA:40,3,0,4
BRDA:40,3,1,7
BRF:8
BRH:6
end_of_record
TN:
SF:/Users/chiamakanwosu/Desktop/document-management-system/server/controller/documentController.js
FN:24,(anonymous_8)
FN:37,(anonymous_9)
FN:51,(anonymous_11)
FN:53,(anonymous_12)
FN:71,(anonymous_13)
FN:73,(anonymous_14)
FN:80,(anonymous_16)
FN:98,(anonymous_18)
FN:106,(anonymous_19)
FN:109,(anonymous_20)
FN:112,(anonymous_21)
FN:118,(anonymous_23)
FN:122,(anonymous_24)
FN:155,(anonymous_26)
FNF:14
FNH:9
FNDA:5,(anonymous_8)
FNDA:0,(anonymous_9)
FNDA:5,(anonymous_11)
FNDA:0,(anonymous_12)
FNDA:0,(anonymous_13)
FNDA:0,(anonymous_14)
FNDA:6,(anonymous_16)
FNDA:5,(anonymous_18)
FNDA:2,(anonymous_19)
FNDA:1,(anonymous_20)
FNDA:0,(anonymous_21)
FNDA:2,(anonymous_23)
FNDA:1,(anonymous_24)
FNDA:2,(anonymous_26)
DA:1,1
DA:4,1
DA:9,8
DA:10,8
DA:11,3
DA:13,5
DA:25,5
DA:26,1
DA:27,1
DA:29,0
DA:31,4
DA:32,4
DA:34,0
DA:38,0
DA:43,5
DA:44,5
DA:45,2
DA:50,5
DA:51,5
DA:52,5
DA:54,0
DA:57,0
DA:71,0
DA:72,0
DA:74,0
DA:80,6
DA:81,6
DA:82,5
DA:83,2
DA:84,3
DA:87,1
DA:89,2
DA:92,1
DA:98,5
DA:99,5
DA:100,2
DA:102,3
DA:103,3
DA:104,3
DA:105,3
DA:106,3
DA:107,2
DA:110,1
DA:113,0
DA:118,2
DA:119,2
DA:120,1
DA:122,1
DA:123,1
DA:124,0
DA:126,1
DA:133,2
DA:134,0
DA:136,2
DA:138,2
DA:139,2
DA:140,2
DA:152,2
DA:153,0
DA:155,2
DA:156,2
DA:157,0
DA:159,2
LF:63
LH:50
BRDA:10,0,0,3
BRDA:10,0,1,5
BRDA:10,1,0,8
BRDA:10,1,1,7
BRDA:10,1,2,5
BRDA:25,2,0,1
BRDA:25,2,1,4
BRDA:25,3,0,5
BRDA:25,3,1,1
BRDA:26,4,0,1
BRDA:26,4,1,0
BRDA:31,5,0,4
BRDA:31,5,1,0
BRDA:44,6,0,2
BRDA:44,6,1,3
BRDA:44,7,0,5
BRDA:44,7,1,2
BRDA:50,8,0,5
BRDA:50,8,1,0
BRDA:81,9,0,5
BRDA:81,9,1,1
BRDA:82,10,0,2
BRDA:82,10,1,3
BRDA:84,11,0,1
BRDA:84,11,1,2
BRDA:84,12,0,3
BRDA:84,12,1,3
BRDA:84,12,2,2
BRDA:84,12,3,2
BRDA:84,12,4,2
BRDA:84,12,5,0
BRDA:99,13,0,2
BRDA:99,13,1,3
BRDA:99,14,0,5
BRDA:99,14,1,3
BRDA:119,15,0,1
BRDA:119,15,1,1
BRDA:119,16,0,2
BRDA:119,16,1,1
BRDA:123,17,0,0
BRDA:123,17,1,1
BRDA:133,18,0,0
BRDA:133,18,1,2
BRDA:133,19,0,2
BRDA:133,19,1,0
BRDA:133,19,2,0
BRDA:136,20,0,2
BRDA:136,20,1,0
BRDA:138,21,0,0
BRDA:138,21,1,2
BRDA:139,22,0,1
BRDA:139,22,1,1
BRDA:152,23,0,0
BRDA:152,23,1,2
BRDA:156,24,0,0
BRDA:156,24,1,2
BRF:56
BRH:44
end_of_record
TN:
SF:/Users/chiamakanwosu/Desktop/document-management-system/server/controller/roleController.js
FN:23,(anonymous_8)
FN:40,(anonymous_10)
FN:64,(anonymous_12)
FN:82,(anonymous_14)
FN:86,(anonymous_15)
FNF:5
FNH:5
FNDA:3,(anonymous_8)
FNDA:1,(anonymous_10)
FNDA:4,(anonymous_12)
FNDA:1,(anonymous_14)
FNDA:1,(anonymous_15)
DA:1,1
DA:17,4
DA:18,1
DA:20,3
DA:24,3
DA:25,1
DA:27,2
DA:40,1
DA:41,1
DA:42,0
DA:44,1
DA:57,5
DA:58,1
DA:60,4
DA:63,4
DA:65,4
DA:66,1
DA:68,3
DA:81,1
DA:83,1
DA:87,1
LF:21
LH:20
BRDA:17,0,0,1
BRDA:17,0,1,3
BRDA:24,1,0,1
BRDA:24,1,1,2
BRDA:41,2,0,0
BRDA:41,2,1,1
BRDA:57,3,0,1
BRDA:57,3,1,4
BRDA:61,4,0,3
BRDA:61,4,1,1
BRDA:65,5,0,1
BRDA:65,5,1,3
BRF:12
BRH:11
end_of_record
TN:
SF:/Users/chiamakanwosu/Desktop/document-management-system/server/controller/usersController.js
FN:10,(anonymous_8)
FN:49,(anonymous_11)
FN:70,(anonymous_13)
FN:72,(anonymous_14)
FN:78,(anonymous_16)
FN:90,(anonymous_18)
FN:99,(anonymous_19)
FN:103,(anonymous_20)
FN:120,(anonymous_22)
FN:122,(anonymous_23)
FN:131,(anonymous_25)
FN:133,(anonymous_26)
FN:143,(anonymous_28)
FN:145,(anonymous_29)
FNF:14
FNH:8
FNDA:6,(anonymous_8)
FNDA:3,(anonymous_11)
FNDA:1,(anonymous_13)
FNDA:0,(anonymous_14)
FNDA:3,(anonymous_16)
FNDA:2,(anonymous_18)
FNDA:1,(anonymous_19)
FNDA:0,(anonymous_20)
FNDA:0,(anonymous_22)
FNDA:0,(anonymous_23)
FNDA:0,(anonymous_25)
FNDA:0,(anonymous_26)
FNDA:2,(anonymous_28)
FNDA:1,(anonymous_29)
DA:1,1
DA:2,1
DA:3,1
DA:5,1
DA:10,6
DA:11,6
DA:12,5
DA:13,5
DA:14,5
DA:15,5
DA:17,1
DA:23,0
DA:27,5
DA:29,1
DA:30,4
DA:33,1
DA:35,3
DA:36,3
DA:50,3
DA:51,1
DA:53,2
DA:54,2
DA:55,2
DA:60,1
DA:64,1
DA:65,0
DA:70,1
DA:71,1
DA:73,0
DA:78,3
DA:79,3
DA:80,3
DA:81,0
DA:82,0
DA:84,0
DA:90,2
DA:91,2
DA:92,2
DA:93,1
DA:94,1
DA:95,1
DA:96,1
DA:97,1
DA:98,1
DA:99,1
DA:100,1
DA:101,1
DA:102,1
DA:104,0
DA:107,1
DA:113,0
DA:114,0
DA:121,0
DA:123,0
DA:126,0
DA:131,0
DA:132,0
DA:133,0
DA:134,0
DA:137,0
DA:143,2
DA:144,2
DA:145,1
DA:146,1
DA:147,0
DA:149,1
DA:153,1
LF:67
LH:49
BRDA:11,0,0,5
BRDA:11,0,1,1
BRDA:11,1,0,6
BRDA:11,1,1,5
BRDA:27,2,0,1
BRDA:27,2,1,4
BRDA:27,3,0,5
BRDA:27,3,1,5
BRDA:27,3,2,5
BRDA:27,3,3,5
BRDA:27,3,4,4
BRDA:30,4,0,1
BRDA:30,4,1,3
BRDA:30,5,0,4
BRDA:30,5,1,4
BRDA:30,5,2,3
BRDA:30,5,3,3
BRDA:30,5,4,3
BRDA:50,6,0,1
BRDA:50,6,1,2
BRDA:64,7,0,0
BRDA:64,7,1,1
BRDA:64,8,0,1
BRDA:64,8,1,0
BRDA:79,9,0,3
BRDA:79,9,1,0
BRDA:79,10,0,3
BRDA:79,10,1,3
BRDA:79,10,2,0
BRDA:81,11,0,0
BRDA:81,11,1,0
BRDA:81,12,0,0
BRDA:81,12,1,0
BRDA:81,12,2,0
BRDA:92,13,0,1
BRDA:92,13,1,1
BRDA:92,14,0,2
BRDA:92,14,1,1
BRDA:113,15,0,0
BRDA:113,15,1,0
BRDA:132,16,0,0
BRDA:132,16,1,0
BRDA:144,17,0,1
BRDA:144,17,1,1
BRDA:144,18,0,2
BRDA:144,18,1,1
BRDA:146,19,0,0
BRDA:146,19,1,1
BRF:48
BRH:34
end_of_record
